c:\users\andre\desktop\oop\qtwidgetsapplication2\qtwidgetsapplication2\x64\debug\teste.obj
c:\users\andre\desktop\oop\qtwidgetsapplication2\qtwidgetsapplication2\x64\debug\locatar.obj
c:\users\andre\desktop\oop\qtwidgetsapplication2\qtwidgetsapplication2\x64\debug\locatarrepository.obj
c:\users\andre\desktop\oop\qtwidgetsapplication2\qtwidgetsapplication2\x64\debug\abstractrepo.obj
c:\users\andre\desktop\oop\qtwidgetsapplication2\qtwidgetsapplication2\x64\debug\main.obj
c:\users\andre\desktop\oop\qtwidgetsapplication2\qtwidgetsapplication2\x64\debug\gui.obj
c:\users\andre\desktop\oop\qtwidgetsapplication2\qtwidgetsapplication2\x64\debug\actiuneundo.obj
c:\users\andre\desktop\oop\qtwidgetsapplication2\qtwidgetsapplication2\x64\debug\qtwidgetsapplication2.obj
c:\users\andre\desktop\oop\qtwidgetsapplication2\qtwidgetsapplication2\x64\debug\exceptii.obj
c:\users\andre\desktop\oop\qtwidgetsapplication2\qtwidgetsapplication2\x64\debug\validarelocatar.obj
c:\users\andre\desktop\oop\qtwidgetsapplication2\qtwidgetsapplication2\x64\debug\locatarservice.obj
c:\users\andre\desktop\oop\qtwidgetsapplication2\qtwidgetsapplication2\x64\debug\ui.obj
c:\users\andre\desktop\oop\qtwidgetsapplication2\qtwidgetsapplication2\x64\debug\locatarrepositoryfile.obj
c:\users\andre\desktop\oop\qtwidgetsapplication2\qtwidgetsapplication2\x64\debug\listanotificari.obj
c:\users\andre\desktop\oop\qtwidgetsapplication2\qtwidgetsapplication2\x64\debug\exceptionrepo.obj
c:\users\andre\desktop\oop\qtwidgetsapplication2\qtwidgetsapplication2\x64\debug\vc142.pdb
c:\users\andre\desktop\oop\qtwidgetsapplication2\qtwidgetsapplication2\x64\debug\moc_qtwidgetsapplication2.obj
c:\users\andre\desktop\oop\qtwidgetsapplication2\qtwidgetsapplication2\x64\debug\qrc_qtwidgetsapplication2.obj
c:\users\andre\desktop\oop\qtwidgetsapplication2\qtwidgetsapplication2\x64\debug\observer.obj
c:\users\andre\desktop\oop\qtwidgetsapplication2\qtwidgetsapplication2\x64\debug\myguimodel.obj
c:\users\andre\desktop\oop\qtwidgetsapplication2\qtwidgetsapplication2\x64\debug\modele.obj
c:\users\andre\source\repos\qtwidgetsapplication2\x64\debug\qt6cored.dll
c:\users\andre\source\repos\qtwidgetsapplication2\x64\debug\qt6guid.dll
c:\users\andre\source\repos\qtwidgetsapplication2\x64\debug\qt6svgd.dll
c:\users\andre\source\repos\qtwidgetsapplication2\x64\debug\qt6widgetsd.dll
c:\users\andre\source\repos\qtwidgetsapplication2\x64\debug\opengl32sw.dll
c:\users\andre\source\repos\qtwidgetsapplication2\x64\debug\d3dcompiler_47.dll
c:\users\andre\source\repos\qtwidgetsapplication2\x64\debug\iconengines\qsvgicond.dll
c:\users\andre\source\repos\qtwidgetsapplication2\x64\debug\imageformats\qgifd.dll
c:\users\andre\source\repos\qtwidgetsapplication2\x64\debug\imageformats\qicod.dll
c:\users\andre\source\repos\qtwidgetsapplication2\x64\debug\imageformats\qjpegd.dll
c:\users\andre\source\repos\qtwidgetsapplication2\x64\debug\imageformats\qsvgd.dll
c:\users\andre\source\repos\qtwidgetsapplication2\x64\debug\platforms\qwindowsd.dll
c:\users\andre\source\repos\qtwidgetsapplication2\x64\debug\styles\qwindowsvistastyled.dll
c:\users\andre\source\repos\qtwidgetsapplication2\x64\debug\translations\qt_ar.qm
c:\users\andre\source\repos\qtwidgetsapplication2\x64\debug\translations\qt_bg.qm
c:\users\andre\source\repos\qtwidgetsapplication2\x64\debug\translations\qt_ca.qm
c:\users\andre\source\repos\qtwidgetsapplication2\x64\debug\translations\qt_cs.qm
c:\users\andre\source\repos\qtwidgetsapplication2\x64\debug\translations\qt_da.qm
c:\users\andre\source\repos\qtwidgetsapplication2\x64\debug\translations\qt_de.qm
c:\users\andre\source\repos\qtwidgetsapplication2\x64\debug\translations\qt_en.qm
c:\users\andre\source\repos\qtwidgetsapplication2\x64\debug\translations\qt_es.qm
c:\users\andre\source\repos\qtwidgetsapplication2\x64\debug\translations\qt_fa.qm
c:\users\andre\source\repos\qtwidgetsapplication2\x64\debug\translations\qt_fi.qm
c:\users\andre\source\repos\qtwidgetsapplication2\x64\debug\translations\qt_fr.qm
c:\users\andre\source\repos\qtwidgetsapplication2\x64\debug\translations\qt_gd.qm
c:\users\andre\source\repos\qtwidgetsapplication2\x64\debug\translations\qt_he.qm
c:\users\andre\source\repos\qtwidgetsapplication2\x64\debug\translations\qt_hr.qm
c:\users\andre\source\repos\qtwidgetsapplication2\x64\debug\translations\qt_hu.qm
c:\users\andre\source\repos\qtwidgetsapplication2\x64\debug\translations\qt_it.qm
c:\users\andre\source\repos\qtwidgetsapplication2\x64\debug\translations\qt_ja.qm
c:\users\andre\source\repos\qtwidgetsapplication2\x64\debug\translations\qt_ko.qm
c:\users\andre\source\repos\qtwidgetsapplication2\x64\debug\translations\qt_lv.qm
c:\users\andre\source\repos\qtwidgetsapplication2\x64\debug\translations\qt_nl.qm
c:\users\andre\source\repos\qtwidgetsapplication2\x64\debug\translations\qt_nn.qm
c:\users\andre\source\repos\qtwidgetsapplication2\x64\debug\translations\qt_pl.qm
c:\users\andre\source\repos\qtwidgetsapplication2\x64\debug\translations\qt_pt_br.qm
c:\users\andre\source\repos\qtwidgetsapplication2\x64\debug\translations\qt_ru.qm
c:\users\andre\source\repos\qtwidgetsapplication2\x64\debug\translations\qt_sk.qm
c:\users\andre\source\repos\qtwidgetsapplication2\x64\debug\translations\qt_tr.qm
c:\users\andre\source\repos\qtwidgetsapplication2\x64\debug\translations\qt_uk.qm
c:\users\andre\source\repos\qtwidgetsapplication2\x64\debug\translations\qt_zh_cn.qm
c:\users\andre\source\repos\qtwidgetsapplication2\x64\debug\translations\qt_zh_tw.qm
c:\users\andre\source\repos\qtwidgetsapplication2\qtwidgetsapplication2\x64\debug\windeployqt.log
c:\users\andre\desktop\oop\qtwidgetsapplication2\qtwidgetsapplication2\x64\debug\uic\ui_qtwidgetsapplication2.h
c:\users\andre\desktop\oop\qtwidgetsapplication2\qtwidgetsapplication2\x64\debug\rcc\qrc_qtwidgetsapplication2.cpp
c:\users\andre\desktop\oop\qtwidgetsapplication2\qtwidgetsapplication2\x64\debug\moc\moc_qtwidgetsapplication2.cpp
c:\users\andre\desktop\oop\qtwidgetsapplication2\x64\debug\qt6cored.dll
c:\users\andre\desktop\oop\qtwidgetsapplication2\x64\debug\qt6guid.dll
c:\users\andre\desktop\oop\qtwidgetsapplication2\x64\debug\qt6svgd.dll
c:\users\andre\desktop\oop\qtwidgetsapplication2\x64\debug\qt6widgetsd.dll
c:\users\andre\desktop\oop\qtwidgetsapplication2\x64\debug\opengl32sw.dll
c:\users\andre\desktop\oop\qtwidgetsapplication2\x64\debug\d3dcompiler_47.dll
c:\users\andre\desktop\oop\qtwidgetsapplication2\x64\debug\iconengines\qsvgicond.dll
c:\users\andre\desktop\oop\qtwidgetsapplication2\x64\debug\imageformats\qgifd.dll
c:\users\andre\desktop\oop\qtwidgetsapplication2\x64\debug\imageformats\qicod.dll
c:\users\andre\desktop\oop\qtwidgetsapplication2\x64\debug\imageformats\qjpegd.dll
c:\users\andre\desktop\oop\qtwidgetsapplication2\x64\debug\imageformats\qsvgd.dll
c:\users\andre\desktop\oop\qtwidgetsapplication2\x64\debug\platforms\qwindowsd.dll
c:\users\andre\desktop\oop\qtwidgetsapplication2\x64\debug\styles\qwindowsvistastyled.dll
c:\users\andre\desktop\oop\qtwidgetsapplication2\x64\debug\translations\qt_ar.qm
c:\users\andre\desktop\oop\qtwidgetsapplication2\x64\debug\translations\qt_bg.qm
c:\users\andre\desktop\oop\qtwidgetsapplication2\x64\debug\translations\qt_ca.qm
c:\users\andre\desktop\oop\qtwidgetsapplication2\x64\debug\translations\qt_cs.qm
c:\users\andre\desktop\oop\qtwidgetsapplication2\x64\debug\translations\qt_da.qm
c:\users\andre\desktop\oop\qtwidgetsapplication2\x64\debug\translations\qt_de.qm
c:\users\andre\desktop\oop\qtwidgetsapplication2\x64\debug\translations\qt_en.qm
c:\users\andre\desktop\oop\qtwidgetsapplication2\x64\debug\translations\qt_es.qm
c:\users\andre\desktop\oop\qtwidgetsapplication2\x64\debug\translations\qt_fa.qm
c:\users\andre\desktop\oop\qtwidgetsapplication2\x64\debug\translations\qt_fi.qm
c:\users\andre\desktop\oop\qtwidgetsapplication2\x64\debug\translations\qt_fr.qm
c:\users\andre\desktop\oop\qtwidgetsapplication2\x64\debug\translations\qt_gd.qm
c:\users\andre\desktop\oop\qtwidgetsapplication2\x64\debug\translations\qt_he.qm
c:\users\andre\desktop\oop\qtwidgetsapplication2\x64\debug\translations\qt_hr.qm
c:\users\andre\desktop\oop\qtwidgetsapplication2\x64\debug\translations\qt_hu.qm
c:\users\andre\desktop\oop\qtwidgetsapplication2\x64\debug\translations\qt_it.qm
c:\users\andre\desktop\oop\qtwidgetsapplication2\x64\debug\translations\qt_ja.qm
c:\users\andre\desktop\oop\qtwidgetsapplication2\x64\debug\translations\qt_ko.qm
c:\users\andre\desktop\oop\qtwidgetsapplication2\x64\debug\translations\qt_lv.qm
c:\users\andre\desktop\oop\qtwidgetsapplication2\x64\debug\translations\qt_nl.qm
c:\users\andre\desktop\oop\qtwidgetsapplication2\x64\debug\translations\qt_nn.qm
c:\users\andre\desktop\oop\qtwidgetsapplication2\x64\debug\translations\qt_pl.qm
c:\users\andre\desktop\oop\qtwidgetsapplication2\x64\debug\translations\qt_pt_br.qm
c:\users\andre\desktop\oop\qtwidgetsapplication2\x64\debug\translations\qt_ru.qm
c:\users\andre\desktop\oop\qtwidgetsapplication2\x64\debug\translations\qt_sk.qm
c:\users\andre\desktop\oop\qtwidgetsapplication2\x64\debug\translations\qt_tr.qm
c:\users\andre\desktop\oop\qtwidgetsapplication2\x64\debug\translations\qt_uk.qm
c:\users\andre\desktop\oop\qtwidgetsapplication2\x64\debug\translations\qt_zh_cn.qm
c:\users\andre\desktop\oop\qtwidgetsapplication2\x64\debug\translations\qt_zh_tw.qm
c:\users\andre\desktop\oop\qtwidgetsapplication2\qtwidgetsapplication2\x64\debug\windeployqt.log
c:\users\andre\desktop\oop\qtwidgetsapplication2\x64\debug\lab6.qt.exe
c:\users\andre\desktop\oop\qtwidgetsapplication2\x64\debug\lab6.qt.ilk
c:\users\andre\desktop\oop\qtwidgetsapplication2\x64\debug\lab6.qt.pdb
c:\users\andre\desktop\oop\qtwidgetsapplication2\qtwidgetsapplication2\x64\debug\lab6.qt.ilk
c:\users\andre\desktop\oop\qtwidgetsapplication2\qtwidgetsapplication2\x64\debug\lab6.qt.pdb
c:\users\andre\desktop\oop\qtwidgetsapplication2\qtwidgetsapplication2\x64\debug\lab6.qt.tlog\cl.command.1.tlog
c:\users\andre\desktop\oop\qtwidgetsapplication2\qtwidgetsapplication2\x64\debug\lab6.qt.tlog\cl.read.1.tlog
c:\users\andre\desktop\oop\qtwidgetsapplication2\qtwidgetsapplication2\x64\debug\lab6.qt.tlog\cl.write.1.tlog
c:\users\andre\desktop\oop\qtwidgetsapplication2\qtwidgetsapplication2\x64\debug\lab6.qt.tlog\lab6.qt.write.1u.tlog
c:\users\andre\desktop\oop\qtwidgetsapplication2\qtwidgetsapplication2\x64\debug\lab6.qt.tlog\link.command.1.tlog
c:\users\andre\desktop\oop\qtwidgetsapplication2\qtwidgetsapplication2\x64\debug\lab6.qt.tlog\link.read.1.tlog
c:\users\andre\desktop\oop\qtwidgetsapplication2\qtwidgetsapplication2\x64\debug\lab6.qt.tlog\link.write.1.tlog
c:\users\andre\desktop\oop\qtwidgetsapplication2\qtwidgetsapplication2\x64\debug\lab6.qt.tlog\moc.read.1u.tlog
c:\users\andre\desktop\oop\qtwidgetsapplication2\qtwidgetsapplication2\x64\debug\lab6.qt.tlog\moc.write.1u.tlog
c:\users\andre\desktop\oop\qtwidgetsapplication2\qtwidgetsapplication2\x64\debug\lab6.qt.tlog\rcc.read.1u.tlog
c:\users\andre\desktop\oop\qtwidgetsapplication2\qtwidgetsapplication2\x64\debug\lab6.qt.tlog\rcc.write.1u.tlog
c:\users\andre\desktop\oop\qtwidgetsapplication2\qtwidgetsapplication2\x64\debug\lab6.qt.tlog\uic.read.1u.tlog
c:\users\andre\desktop\oop\qtwidgetsapplication2\qtwidgetsapplication2\x64\debug\lab6.qt.tlog\uic.write.1u.tlog
c:\users\andre\desktop\oop\qtwidgetsapplication2\qtwidgetsapplication2\x64\debug\lab6.qt.tlog\windeployqt.read.1u.tlog
c:\users\andre\desktop\oop\qtwidgetsapplication2\qtwidgetsapplication2\x64\debug\lab6.qt.tlog\windeployqt.write.1u.tlog
